<?xml version="1.0" encoding="UTF-8"?>
<!-- Generated by org.testng.reporters.JUnitXMLReporter -->
<testsuite ignored="0" hostname="LAPTOP-H7R7DK85" failures="0" tests="4" name="Default test" time="0.205" errors="0" timestamp="2022-10-26T08:40:10 IST">
  <testcase classname="testNG.PriorityPractice" name="demo1" time="0.031"/>
  <testcase classname="testNG.PriorityPractice" name="demo2" time="0.004"/>
  <testcase classname="testNG.PriorityPractice" name="demo3" time="0.014"/>
  <testcase classname="testNG.PriorityPractice" name="demo4" time="0.002"/>
</testsuite> <!-- Default test -->
