<?xml version="1.0" encoding="UTF-8"?>
<!-- Generated by org.testng.reporters.JUnitXMLReporter -->
<testsuite ignored="0" hostname="LAPTOP-H7R7DK85" failures="0" tests="5" name="Test" time="0.173" errors="0" timestamp="2022-10-29T08:14:34 IST">
  <testcase classname="batchExecution.FifthTest" name="fifthTest" time="0.019"/>
  <testcase classname="batchExecution.ThirdTest" name="thirdTest" time="0.008"/>
  <testcase classname="batchExecution.FirstTest" name="firstTest" time="0.001"/>
  <testcase classname="batchExecution.SecondTest" name="secondTest" time="0.014"/>
  <testcase classname="batchExecution.FourthTest" name="fourthTest" time="0.005"/>
</testsuite> <!-- Test -->
