<?xml version="1.0" encoding="UTF-8"?>
<!-- Generated by org.testng.reporters.JUnitXMLReporter -->
<testsuite ignored="16" hostname="LAPTOP-H7R7DK85" failures="0" tests="9" name="Test" time="0.319" errors="0" timestamp="2022-11-01T08:46:32 IST">
  <testcase classname="batchExecution.FifthTest" name="fifthTest" time="0.006"/>
  <testcase classname="batchExecution.ThirdTest" name="thirdTest" time="0.002"/>
  <testcase classname="batchExecution.FirstTest" name="demo1Test" time="0.016"/>
  <testcase classname="batchExecution.FirstTest" name="demo2Test" time="0.012"/>
  <testcase classname="batchExecution.FirstTest" name="demo3Test" time="0.008"/>
  <testcase classname="batchExecution.FirstTest" name="demo4Test" time="0.013"/>
  <testcase classname="batchExecution.FirstTest" name="demo5Test" time="0.004"/>
  <testcase classname="batchExecution.SecondTest" name="secondTest" time="0.005"/>
  <testcase classname="batchExecution.FourthTest" name="fourthTest" time="0.009"/>
  <testcase classname="genericLibraries.BaseClass" name="@AfterTest testTeardown" time="0.0">
    <ignored/>
  </testcase> <!-- @AfterTest testTeardown -->
  <testcase classname="genericLibraries.BaseClass" name="@AfterTest testTeardown" time="0.0">
    <ignored/>
  </testcase> <!-- @AfterTest testTeardown -->
  <testcase classname="genericLibraries.BaseClass" name="@AfterTest testTeardown" time="0.0">
    <ignored/>
  </testcase> <!-- @AfterTest testTeardown -->
  <testcase classname="genericLibraries.BaseClass" name="@AfterTest testTeardown" time="0.0">
    <ignored/>
  </testcase> <!-- @AfterTest testTeardown -->
  <testcase classname="genericLibraries.BaseClass" name="@AfterSuite suiteTeardown" time="0.0">
    <ignored/>
  </testcase> <!-- @AfterSuite suiteTeardown -->
  <testcase classname="genericLibraries.BaseClass" name="@AfterSuite suiteTeardown" time="0.0">
    <ignored/>
  </testcase> <!-- @AfterSuite suiteTeardown -->
  <testcase classname="genericLibraries.BaseClass" name="@AfterSuite suiteTeardown" time="0.0">
    <ignored/>
  </testcase> <!-- @AfterSuite suiteTeardown -->
  <testcase classname="genericLibraries.BaseClass" name="@AfterSuite suiteTeardown" time="0.0">
    <ignored/>
  </testcase> <!-- @AfterSuite suiteTeardown -->
  <testcase classname="genericLibraries.BaseClass" name="@BeforeSuite suiteSetup" time="0.0">
    <ignored/>
  </testcase> <!-- @BeforeSuite suiteSetup -->
  <testcase classname="genericLibraries.BaseClass" name="@BeforeSuite suiteSetup" time="0.0">
    <ignored/>
  </testcase> <!-- @BeforeSuite suiteSetup -->
  <testcase classname="genericLibraries.BaseClass" name="@BeforeSuite suiteSetup" time="0.0">
    <ignored/>
  </testcase> <!-- @BeforeSuite suiteSetup -->
  <testcase classname="genericLibraries.BaseClass" name="@BeforeSuite suiteSetup" time="0.0">
    <ignored/>
  </testcase> <!-- @BeforeSuite suiteSetup -->
  <testcase classname="genericLibraries.BaseClass" name="@BeforeTest testSetup" time="0.0">
    <ignored/>
  </testcase> <!-- @BeforeTest testSetup -->
  <testcase classname="genericLibraries.BaseClass" name="@BeforeTest testSetup" time="0.0">
    <ignored/>
  </testcase> <!-- @BeforeTest testSetup -->
  <testcase classname="genericLibraries.BaseClass" name="@BeforeTest testSetup" time="0.0">
    <ignored/>
  </testcase> <!-- @BeforeTest testSetup -->
  <testcase classname="genericLibraries.BaseClass" name="@BeforeTest testSetup" time="0.0">
    <ignored/>
  </testcase> <!-- @BeforeTest testSetup -->
</testsuite> <!-- Test -->
