<?xml version="1.0" encoding="UTF-8"?>
<!-- Generated by org.testng.reporters.JUnitXMLReporter -->
<testsuite ignored="4" hostname="LAPTOP-H7R7DK85" failures="0" tests="1" name="Test" time="0.084" errors="0" timestamp="2022-10-31T07:41:46 IST">
  <testcase classname="batchExecution.FirstTest" name="demo2Test" time="0.011"/>
  <testcase classname="batchExecution.FirstTest" name="demo5Test" time="0.0">
    <ignored/>
  </testcase> <!-- demo5Test -->
  <testcase classname="batchExecution.FirstTest" name="demo3Test" time="0.0">
    <ignored/>
  </testcase> <!-- demo3Test -->
  <testcase classname="batchExecution.FirstTest" name="demo4Test" time="0.0">
    <ignored/>
  </testcase> <!-- demo4Test -->
  <testcase classname="batchExecution.FirstTest" name="demo1Test" time="0.0">
    <ignored/>
  </testcase> <!-- demo1Test -->
</testsuite> <!-- Test -->
