<?xml version="1.0" encoding="UTF-8"?>
<testng-results ignored="0" total="1" passed="1" failed="0" skipped="0">
  <reporter-output>
  </reporter-output>
  <suite started-at="2022-11-19T08:28:48 IST" name="Default suite" finished-at="2022-11-19T08:29:13 IST" duration-ms="25386">
    <groups>
    </groups>
    <test started-at="2022-11-19T08:28:48 IST" name="Default test" finished-at="2022-11-19T08:29:13 IST" duration-ms="25386">
      <class name="seleniumGrid.LaunchBrowser">
        <test-method signature="gridPractice()[pri:0, instance:seleniumGrid.LaunchBrowser@729d991e]" started-at="2022-11-19T08:28:48 IST" name="gridPractice" finished-at="2022-11-19T08:29:13 IST" duration-ms="25110" status="PASS">
          <reporter-output>
          </reporter-output>
        </test-method> <!-- gridPractice -->
      </class> <!-- seleniumGrid.LaunchBrowser -->
    </test> <!-- Default test -->
  </suite> <!-- Default suite -->
</testng-results>
