<?xml version="1.0" encoding="UTF-8"?>
<testng-results ignored="0" total="4" passed="4" failed="0" skipped="0">
  <reporter-output>
  </reporter-output>
  <suite started-at="2022-10-26T08:40:10 IST" name="Default suite" finished-at="2022-10-26T08:40:10 IST" duration-ms="205">
    <groups>
    </groups>
    <test started-at="2022-10-26T08:40:10 IST" name="Default test" finished-at="2022-10-26T08:40:10 IST" duration-ms="205">
      <class name="testNG.PriorityPractice">
        <test-method signature="demo1()[pri:-1, instance:testNG.PriorityPractice@194bcebf]" started-at="2022-10-26T08:40:10 IST" name="demo1" finished-at="2022-10-26T08:40:10 IST" duration-ms="31" status="PASS">
          <reporter-output>
          </reporter-output>
        </test-method> <!-- demo1 -->
        <test-method signature="demo2()[pri:-1, instance:testNG.PriorityPractice@194bcebf]" started-at="2022-10-26T08:40:10 IST" name="demo2" finished-at="2022-10-26T08:40:10 IST" duration-ms="4" status="PASS">
          <reporter-output>
          </reporter-output>
        </test-method> <!-- demo2 -->
        <test-method signature="demo3()[pri:-1, instance:testNG.PriorityPractice@194bcebf]" started-at="2022-10-26T08:40:10 IST" name="demo3" finished-at="2022-10-26T08:40:10 IST" duration-ms="14" status="PASS">
          <reporter-output>
          </reporter-output>
        </test-method> <!-- demo3 -->
        <test-method signature="demo4()[pri:0, instance:testNG.PriorityPractice@194bcebf]" started-at="2022-10-26T08:40:10 IST" name="demo4" finished-at="2022-10-26T08:40:10 IST" duration-ms="2" status="PASS">
          <reporter-output>
          </reporter-output>
        </test-method> <!-- demo4 -->
      </class> <!-- testNG.PriorityPractice -->
    </test> <!-- Default test -->
  </suite> <!-- Default suite -->
</testng-results>
